d:\repositories\graph-store\graph store\graph store\debug\vc140.pdb
d:\repositories\graph-store\graph store\graph store\debug\vc140.idb
d:\repositories\graph-store\graph store\graph store\debug\graphcreator.obj
d:\repositories\graph-store\graph store\graph store\debug\graphfactory.obj
d:\repositories\graph-store\graph store\graph store\debug\invalidgraphtypeexception.obj
d:\repositories\graph-store\graph store\graph store\debug\graph store.obj
d:\repositories\graph-store\graph store\graph store\debug\graph.obj
d:\repositories\graph-store\graph store\graph store\debug\directedgraph.obj
d:\repositories\graph-store\graph store\graph store\debug\edge.obj
d:\repositories\graph-store\graph store\graph store\debug\graphexception.obj
d:\repositories\graph-store\graph store\graph store\debug\graphbase.obj
d:\repositories\graph-store\graph store\graph store\debug\undirectedgraph.obj
d:\repositories\graph-store\graph store\graph store\debug\vertex.obj
d:\repositories\graph-store\graph store\graph store\debug\priorityqueuehandle.obj
d:\repositories\graph-store\graph store\graph store\debug\shortestpathalgorithm.obj
d:\repositories\graph-store\graph store\graph store\debug\dijkstraalgorithm.obj
d:\repositories\graph-store\graph store\graph store\debug\iterativedeepeningdfs.obj
d:\repositories\graph-store\graph store\graph store\debug\unsupportedalgorithmexception.obj
d:\repositories\graph-store\graph store\graph store\debug\distance.obj
d:\repositories\graph-store\graph store\graph store\debug\fileparserexception.obj
d:\repositories\graph-store\graph store\graph store\debug\fileparser.obj
d:\repositories\graph-store\graph store\graph store\debug\openfilefailexception.obj
d:\repositories\graph-store\graph store\graph store\debug\graphbuilderexception.obj
d:\repositories\graph-store\graph store\graph store\debug\graph store.pch
d:\repositories\graph-store\graph store\graph store\debug\bfs.obj
d:\repositories\graph-store\graph store\graph store\debug\graph store.tlog\cl.command.1.tlog
d:\repositories\graph-store\graph store\graph store\debug\graph store.tlog\cl.read.1.tlog
d:\repositories\graph-store\graph store\graph store\debug\graph store.tlog\cl.write.1.tlog
